<?xml version="1.0" encoding="UTF-8"?>
<!-- Generated by org.testng.reporters.JUnitXMLReporter -->
<testsuite ignored="2" hostname="Toshif" failures="1" tests="15" name="Command line test" time="0.684" errors="0" timestamp="10 Oct 2023 14:34:40 GMT">
  <testcase classname="com.GenericUtility.BaseClass" name="@BeforeMethod bmConfig" time="0.039">
    <failure type="java.lang.NullPointerException">
      <![CDATA[java.lang.NullPointerException
at org.openqa.selenium.support.pagefactory.DefaultElementLocator.findElement(DefaultElementLocator.java:68)
at org.openqa.selenium.support.pagefactory.internal.LocatingElementHandler.invoke(LocatingElementHandler.java:38)
at com.sun.proxy.$Proxy13.sendKeys(Unknown Source)
at com.ObjectRepository.LoginPage.clickOnloginPage(LoginPage.java:42)
at com.GenericUtility.BaseClass.bmConfig(BaseClass.java:85)
... Removed 38 stack frames]]>
    </failure>
  </testcase> <!-- @BeforeMethod bmConfig -->
  <testcase classname="com.GenericUtility.BaseClass" name="@AfterMethod amConfig" time="0.0">
    <skipped/>
  </testcase> <!-- @AfterMethod amConfig -->
  <testcase classname="com.GenericUtility.BaseClass" name="@AfterClass acConfig" time="0.0">
    <skipped/>
  </testcase> <!-- @AfterClass acConfig -->
  <testcase classname="com.GenericUtility.BaseClass" name="@BeforeMethod bmConfig" time="0.0">
    <failure type="java.lang.NullPointerException">
      <![CDATA[java.lang.NullPointerException
at org.openqa.selenium.support.pagefactory.DefaultElementLocator.findElement(DefaultElementLocator.java:68)
at org.openqa.selenium.support.pagefactory.internal.LocatingElementHandler.invoke(LocatingElementHandler.java:38)
at com.sun.proxy.$Proxy13.sendKeys(Unknown Source)
at com.ObjectRepository.LoginPage.clickOnloginPage(LoginPage.java:42)
at com.GenericUtility.BaseClass.bmConfig(BaseClass.java:85)
... Removed 38 stack frames]]>
    </failure>
  </testcase> <!-- @BeforeMethod bmConfig -->
  <testcase classname="com.GenericUtility.BaseClass" name="@AfterMethod amConfig" time="0.0">
    <skipped/>
  </testcase> <!-- @AfterMethod amConfig -->
  <testcase classname="com.GenericUtility.BaseClass" name="@BeforeMethod bmConfig" time="0.0">
    <skipped/>
  </testcase> <!-- @BeforeMethod bmConfig -->
  <testcase classname="com.GenericUtility.BaseClass" name="@AfterMethod amConfig" time="0.0">
    <skipped/>
  </testcase> <!-- @AfterMethod amConfig -->
  <testcase classname="com.GenericUtility.BaseClass" name="@BeforeMethod bmConfig" time="0.0">
    <skipped/>
  </testcase> <!-- @BeforeMethod bmConfig -->
  <testcase classname="com.GenericUtility.BaseClass" name="@AfterMethod amConfig" time="0.0">
    <skipped/>
  </testcase> <!-- @AfterMethod amConfig -->
  <testcase classname="com.GenericUtility.BaseClass" name="@BeforeMethod bmConfig" time="0.0">
    <skipped/>
  </testcase> <!-- @BeforeMethod bmConfig -->
  <testcase classname="com.GenericUtility.BaseClass" name="@AfterMethod amConfig" time="0.0">
    <skipped/>
  </testcase> <!-- @AfterMethod amConfig -->
  <testcase classname="com.GenericUtility.BaseClass" name="@BeforeMethod bmConfig" time="0.0">
    <skipped/>
  </testcase> <!-- @BeforeMethod bmConfig -->
  <testcase classname="com.GenericUtility.BaseClass" name="@AfterMethod amConfig" time="0.0">
    <skipped/>
  </testcase> <!-- @AfterMethod amConfig -->
  <testcase classname="com.GenericUtility.BaseClass" name="@AfterClass acConfig" time="0.0">
    <skipped/>
  </testcase> <!-- @AfterClass acConfig -->
  <testcase classname="com.organization.OrganizationTest" name="organizationPage1" time="0.0">
    <skipped/>
  </testcase> <!-- organizationPage1 -->
  <testcase classname="com.organization.ReadDataFromMultipleTest" name="readMultipleData" time="0.0">
    <skipped/>
  </testcase> <!-- readMultipleData -->
  <testcase classname="com.organization.ReadDataFromMultipleTest" name="readMultipleData" time="0.0">
    <skipped/>
  </testcase> <!-- readMultipleData -->
  <testcase classname="com.organization.ReadDataFromMultipleTest" name="readMultipleData" time="0.0">
    <skipped/>
  </testcase> <!-- readMultipleData -->
  <testcase classname="com.organization.ReadDataFromMultipleTest" name="readMultipleData" time="0.0">
    <skipped/>
  </testcase> <!-- readMultipleData -->
  <testcase classname="com.organization.ReadDataFromMultipleTest" name="readMultipleData" time="0.0">
    <skipped/>
  </testcase> <!-- readMultipleData -->
  <testcase classname="com.PractiseExcersise.MyPractiseTest" name="dataProvider" time="0.0"/>
  <testcase classname="com.PractiseExcersise.MyPractiseTest" name="dataProvider" time="0.0"/>
  <testcase classname="com.PractiseExcersise.MyPractiseTest" name="dataProvider" time="0.0"/>
  <testcase classname="com.PractiseExcersise.MyPractiseTest" name="date1" time="0.0"/>
  <testcase classname="com.PractiseExcersise.MyPractiseTest" name="excelWrite" time="0.047">
    <failure type="java.lang.IllegalArgumentException" message="The workbook already contains a sheet named &amp;apos;Toshif&amp;apos;">
      <![CDATA[java.lang.IllegalArgumentException: The workbook already contains a sheet named 'Toshif'
at org.apache.poi.xssf.usermodel.XSSFWorkbook.validateSheetName(XSSFWorkbook.java:914)
at org.apache.poi.xssf.usermodel.XSSFWorkbook.createSheet(XSSFWorkbook.java:867)
at org.apache.poi.xssf.usermodel.XSSFWorkbook.createSheet(XSSFWorkbook.java:123)
at com.PractiseExcersise.MyPractiseTest.excelWrite(MyPractiseTest.java:65)
... Removed 35 stack frames]]>
    </failure>
  </testcase> <!-- excelWrite -->
  <testcase classname="com.PractiseExcersise.MyPractiseTest" name="excelread" time="0.032"/>
  <testcase classname="com.PractiseExcersise.MyPractiseTest" name="getSystemDateInFormat" time="0.0"/>
  <testcase classname="com.PractiseExcersise.MyPractiseTest" name="propertyfile" time="0.004"/>
  <testcase classname="com.PractiseExcersise.MyPractiseTest" name="random" time="0.0"/>
  <testcase classname="com.GenericUtility.BaseClass" name="@AfterSuite asConfig" time="0.0">
    <ignored/>
  </testcase> <!-- @AfterSuite asConfig -->
  <testcase classname="com.GenericUtility.BaseClass" name="@BeforeSuite bsConfig" time="0.0">
    <ignored/>
  </testcase> <!-- @BeforeSuite bsConfig -->
</testsuite> <!-- Command line test -->
